Gjs-Console-Message: 01:44:26.253: Processing queue  
Gjs-Console-Message: 01:44:26.253: No notifications in queue, nothing to process
Ass-Message: 01:44:26.265: monitor name 1 DP-3
Ass-Message: 01:44:26.266: Notification entry: {
    "queue": [],
    "actives": []
}
Ass-Message: 01:44:26.421: monitor name 0 HDMI-A-1
Ass-Message: 01:44:26.421: Notification entry: {
    "queue": [],
    "actives": []
}
Ass-Message: 01:44:36.926: Notification received 1 false
Ass-Message: 01:44:36.926: Processing queue 1 
Ass-Message: 01:44:36.927: Notifying  1
Ass-Message: 01:44:36.927: Notification entry: {
    "queue": [],
    "actives": [
        1
    ]
}
Ass-Message: 01:44:36.936: Notification manager updated: {
    "queue": [],
    "actives": [
        1
    ]
}
Ass-Message: 01:44:36.936: Notification entry: {
    "queue": [],
    "actives": [
        1
    ]
}
Ass-Message: 01:44:36.939: Notification manager updated: {
    "queue": [],
    "actives": [
        1
    ]
}
Ass-Message: 01:44:36.940: Processing queue  1
Ass-Message: 01:44:36.940: No notifications in queue, nothing to process
Ass-Message: 01:44:41.428: Notification resolved 1 3
Ass-Message: 01:44:41.428: Notifying  
Ass-Message: 01:44:41.428: Notification entry: {
    "queue": [],
    "actives": []
}
Ass-Message: 01:44:41.428: Notification manager updated: {
    "queue": [],
    "actives": []
}
Ass-Message: 01:44:41.428: Notification entry: {
    "queue": [],
    "actives": []
}
Ass-Message: 01:44:41.428: Notification manager updated: {
    "queue": [],
    "actives": []
}
Ass-Message: 01:44:41.428: Processing queue  
Ass-Message: 01:44:41.428: No notifications in queue, nothing to process
Ass-Message: 01:44:41.437: Notification received 2 false
Ass-Message: 01:44:41.437: Processing queue 2 
Ass-Message: 01:44:41.437: Notifying  2
Ass-Message: 01:44:41.437: Notification entry: {
    "queue": [],
    "actives": [
        2
    ]
}
Ass-Message: 01:44:41.441: Notification manager updated: {
    "queue": [],
    "actives": [
        2
    ]
}
Ass-Message: 01:44:41.442: Notification entry: {
    "queue": [],
    "actives": [
        2
    ]
}
Ass-Message: 01:44:41.446: Notification manager updated: {
    "queue": [],
    "actives": [
        2
    ]
}
Ass-Message: 01:44:41.446: Processing queue  2
Ass-Message: 01:44:41.446: No notifications in queue, nothing to process
Ass-Message: 01:44:43.649: Notification resolved 2 2
Ass-Message: 01:44:43.649: Notifying  
Ass-Message: 01:44:43.649: Notification entry: {
    "queue": [],
    "actives": []
}
Ass-Message: 01:44:43.650: Notification manager updated: {
    "queue": [],
    "actives": []
}
Ass-Message: 01:44:43.650: Notification entry: {
    "queue": [],
    "actives": []
}
Ass-Message: 01:44:43.650: Notification manager updated: {
    "queue": [],
    "actives": []
}
Ass-Message: 01:44:43.650: Processing queue  
Ass-Message: 01:44:43.650: No notifications in queue, nothing to process
Ass-Message: 02:42:25.805: Notification received 3 false
Ass-Message: 02:42:25.805: Processing queue 3 
Ass-Message: 02:42:25.805: Notifying  3
Ass-Message: 02:42:25.805: Notification entry: {
    "queue": [],
    "actives": [
        3
    ]
}
Ass-Message: 02:42:25.809: Notification manager updated: {
    "queue": [],
    "actives": [
        3
    ]
}
Ass-Message: 02:42:25.809: Notification entry: {
    "queue": [],
    "actives": [
        3
    ]
}
Ass-Message: 02:42:25.812: Notification manager updated: {
    "queue": [],
    "actives": [
        3
    ]
}
Ass-Message: 02:42:25.812: Processing queue  3
Ass-Message: 02:42:25.813: No notifications in queue, nothing to process
Ass-Message: 02:42:36.412: Notification resolved 3 2
Ass-Message: 02:42:36.412: Notifying  
Ass-Message: 02:42:36.412: Notification entry: {
    "queue": [],
    "actives": []
}
Ass-Message: 02:42:36.412: Notification manager updated: {
    "queue": [],
    "actives": []
}
Ass-Message: 02:42:36.412: Notification entry: {
    "queue": [],
    "actives": []
}
Ass-Message: 02:42:36.413: Notification manager updated: {
    "queue": [],
    "actives": []
}
Ass-Message: 02:42:36.413: Processing queue  
Ass-Message: 02:42:36.413: No notifications in queue, nothing to process
Ass-Message: 02:47:01.255: Notification received 4 false
Ass-Message: 02:47:01.255: Processing queue 4 
Ass-Message: 02:47:01.255: Notifying  4
Ass-Message: 02:47:01.255: Notification entry: {
    "queue": [],
    "actives": [
        4
    ]
}
Ass-Message: 02:47:01.257: Notification manager updated: {
    "queue": [],
    "actives": [
        4
    ]
}
Ass-Message: 02:47:01.257: Notification entry: {
    "queue": [],
    "actives": [
        4
    ]
}
Ass-Message: 02:47:01.257: Notification manager updated: {
    "queue": [],
    "actives": [
        4
    ]
}
Ass-Message: 02:47:01.258: Processing queue  4
Ass-Message: 02:47:01.258: No notifications in queue, nothing to process
Ass-Message: 02:47:02.256: Notification resolved 4 1
Ass-Message: 02:47:02.256: Notifying  
Ass-Message: 02:47:02.256: Notification entry: {
    "queue": [],
    "actives": []
}
Ass-Message: 02:47:02.256: Notification manager updated: {
    "queue": [],
    "actives": []
}
Ass-Message: 02:47:02.257: Notification entry: {
    "queue": [],
    "actives": []
}
Ass-Message: 02:47:02.257: Notification manager updated: {
    "queue": [],
    "actives": []
}
Ass-Message: 02:47:02.257: Processing queue  
Ass-Message: 02:47:02.257: No notifications in queue, nothing to process
Ass-Message: 02:47:15.649: Notification received 5 false
Ass-Message: 02:47:15.649: Processing queue 5 
Ass-Message: 02:47:15.649: Notifying  5
Ass-Message: 02:47:15.649: Notification entry: {
    "queue": [],
    "actives": [
        5
    ]
}
Ass-Message: 02:47:15.651: Notification manager updated: {
    "queue": [],
    "actives": [
        5
    ]
}
Ass-Message: 02:47:15.651: Notification entry: {
    "queue": [],
    "actives": [
        5
    ]
}
Ass-Message: 02:47:15.652: Notification manager updated: {
    "queue": [],
    "actives": [
        5
    ]
}
Ass-Message: 02:47:15.652: Processing queue  5
Ass-Message: 02:47:15.652: No notifications in queue, nothing to process
Ass-Message: 02:47:16.650: Notification resolved 5 1
Ass-Message: 02:47:16.650: Notifying  
Ass-Message: 02:47:16.650: Notification entry: {
    "queue": [],
    "actives": []
}
Ass-Message: 02:47:16.650: Notification manager updated: {
    "queue": [],
    "actives": []
}
Ass-Message: 02:47:16.650: Notification entry: {
    "queue": [],
    "actives": []
}
Ass-Message: 02:47:16.651: Notification manager updated: {
    "queue": [],
    "actives": []
}
Ass-Message: 02:47:16.651: Processing queue  
Ass-Message: 02:47:16.651: No notifications in queue, nothing to process
Ass-Message: 02:48:59.252: Notification received 6 false
Ass-Message: 02:48:59.253: Processing queue 6 
Ass-Message: 02:48:59.253: Notifying  6
Ass-Message: 02:48:59.253: Notification entry: {
    "queue": [],
    "actives": [
        6
    ]
}
Ass-Message: 02:48:59.254: Notification manager updated: {
    "queue": [],
    "actives": [
        6
    ]
}
Ass-Message: 02:48:59.255: Notification entry: {
    "queue": [],
    "actives": [
        6
    ]
}
Ass-Message: 02:48:59.255: Notification manager updated: {
    "queue": [],
    "actives": [
        6
    ]
}
Ass-Message: 02:48:59.255: Processing queue  6
Ass-Message: 02:48:59.255: No notifications in queue, nothing to process
Ass-Message: 02:48:59.259: Notification received 7 false
Ass-Message: 02:48:59.259: Processing queue 7 6
Ass-Message: 02:48:59.259: Notifying  6,7
Ass-Message: 02:48:59.259: Notification entry: {
    "queue": [],
    "actives": [
        6,
        7
    ]
}
Ass-Message: 02:48:59.260: Notification manager updated: {
    "queue": [],
    "actives": [
        6,
        7
    ]
}
Ass-Message: 02:48:59.260: Notification entry: {
    "queue": [],
    "actives": [
        6,
        7
    ]
}
Ass-Message: 02:48:59.261: Notification manager updated: {
    "queue": [],
    "actives": [
        6,
        7
    ]
}
Ass-Message: 02:48:59.261: Processing queue  6,7
Ass-Message: 02:48:59.261: No notifications in queue, nothing to process
Ass-Message: 02:49:05.162: Notification resolved 7 2
Ass-Message: 02:49:05.162: Notifying  6
Ass-Message: 02:49:05.162: Notification entry: {
    "queue": [],
    "actives": [
        6
    ]
}
Ass-Message: 02:49:05.164: Notification manager updated: {
    "queue": [],
    "actives": [
        6
    ]
}
Ass-Message: 02:49:05.164: Notification entry: {
    "queue": [],
    "actives": [
        6
    ]
}
Ass-Message: 02:49:05.164: Notification manager updated: {
    "queue": [],
    "actives": [
        6
    ]
}
Ass-Message: 02:49:05.164: Processing queue  6
Ass-Message: 02:49:05.165: No notifications in queue, nothing to process
Ass-Message: 02:49:05.613: Notification resolved 6 2
Ass-Message: 02:49:05.613: Notifying  
Ass-Message: 02:49:05.613: Notification entry: {
    "queue": [],
    "actives": []
}
Ass-Message: 02:49:05.613: Notification manager updated: {
    "queue": [],
    "actives": []
}
Ass-Message: 02:49:05.613: Notification entry: {
    "queue": [],
    "actives": []
}
Ass-Message: 02:49:05.613: Notification manager updated: {
    "queue": [],
    "actives": []
}
Ass-Message: 02:49:05.613: Processing queue  
Ass-Message: 02:49:05.613: No notifications in queue, nothing to process
